<?xml version="1.0" encoding="UTF-8"?>
<testsuite name="NurseTest" tests="1" skipped="0" failures="0" errors="0" timestamp="2023-11-22T14:53:10" hostname="LAPTOP-C3M2UQB9" time="0.014">
  <properties/>
  <testcase name="firstTest()" classname="NurseTest" time="0.014"/>
  <system-out><![CDATA[]]></system-out>
  <system-err><![CDATA[]]></system-err>
</testsuite>
